manifest-merger-release-report.txt
-- Merging decision tree log ---
manifest
ADDED from AndroidManifest.xml:1:1
	package
		ADDED from AndroidManifest.xml:2:5
		INJECTED from AndroidManifest.xml:0:0
		INJECTED from AndroidManifest.xml:0:0
	android:versionName
		INJECTED from AndroidManifest.xml:0:0
		INJECTED from AndroidManifest.xml:0:0
	xmlns:android
		ADDED from AndroidManifest.xml:1:11
	android:versionCode
		INJECTED from AndroidManifest.xml:0:0
		INJECTED from AndroidManifest.xml:0:0
uses-permission#android.permission.CAMERA
ADDED from AndroidManifest.xml:4:5
	android:name
		ADDED from AndroidManifest.xml:4:22
uses-permission#android.permission.INTERNET
ADDED from AndroidManifest.xml:5:5
	android:name
		ADDED from AndroidManifest.xml:5:22
uses-permission#android.permission.VIBRATE
ADDED from AndroidManifest.xml:6:5
	android:name
		ADDED from AndroidManifest.xml:6:22
uses-permission#android.permission.FLASHLIGHT
ADDED from AndroidManifest.xml:7:5
	android:name
		ADDED from AndroidManifest.xml:7:22
uses-permission#android.permission.READ_CONTACTS
ADDED from AndroidManifest.xml:8:5
	android:name
		ADDED from AndroidManifest.xml:8:22
uses-permission#com.android.browser.permission.READ_HISTORY_BOOKMARKS
ADDED from AndroidManifest.xml:9:5
	android:name
		ADDED from AndroidManifest.xml:9:22
uses-permission#android.permission.WRITE_EXTERNAL_STORAGE
ADDED from AndroidManifest.xml:10:5
	android:name
		ADDED from AndroidManifest.xml:10:22
uses-permission#android.permission.CHANGE_WIFI_STATE
ADDED from AndroidManifest.xml:11:5
	android:name
		ADDED from AndroidManifest.xml:11:22
uses-permission#android.permission.ACCESS_WIFI_STATE
ADDED from AndroidManifest.xml:12:5
	android:name
		ADDED from AndroidManifest.xml:12:22
uses-feature#android.hardware.camera.any
ADDED from AndroidManifest.xml:14:5
	android:name
		ADDED from AndroidManifest.xml:14:19
uses-feature#android.hardware.camera.autofocus
ADDED from AndroidManifest.xml:16:5
	android:required
		ADDED from AndroidManifest.xml:16:68
	android:name
		ADDED from AndroidManifest.xml:16:19
uses-feature#android.hardware.camera.flash
ADDED from AndroidManifest.xml:17:5
	android:required
		ADDED from AndroidManifest.xml:17:64
	android:name
		ADDED from AndroidManifest.xml:17:19
uses-feature#android.hardware.screen.landscape
ADDED from AndroidManifest.xml:18:5
	android:name
		ADDED from AndroidManifest.xml:18:19
uses-feature#android.hardware.wifi
ADDED from AndroidManifest.xml:19:5
	android:required
		ADDED from AndroidManifest.xml:19:56
	android:name
		ADDED from AndroidManifest.xml:19:19
uses-feature#android.hardware.touchscreen
ADDED from AndroidManifest.xml:21:5
	android:name
		ADDED from AndroidManifest.xml:21:19
supports-screens
ADDED from AndroidManifest.xml:23:5
	android:largeScreens
		ADDED from AndroidManifest.xml:23:52
	android:smallScreens
		ADDED from AndroidManifest.xml:23:109
	android:normalScreens
		ADDED from AndroidManifest.xml:23:80
	android:xlargeScreens
		ADDED from AndroidManifest.xml:23:23
	android:anyDensity
		ADDED from AndroidManifest.xml:23:137
application
ADDED from AndroidManifest.xml:28:5
MERGED from com.android.support:appcompat-v7:21.0.3:16:5
MERGED from com.android.support:support-v4:21.0.3:16:5
MERGED from cn.pedant.sweetalert:library:1.3:11:5
MERGED from com.pnikosis:materialish-progress:1.0:11:5
MERGED from com.android.support:appcompat-v7:21.0.3:16:5
MERGED from com.android.support:support-v4:21.0.3:16:5
MERGED from com.android.support:recyclerview-v7:21.0.0:17:5
MERGED from com.android.support:support-v4:21.0.3:16:5
MERGED from com.getbase:floatingactionbutton:1.6.0:12:5
MERGED from com.yalantis:contextmenu:1.0.0:11:5
MERGED from com.android.support:appcompat-v7:21.0.3:16:5
MERGED from com.android.support:support-v4:21.0.3:16:5
	android:label
		ADDED from AndroidManifest.xml:29:9
	android:allowBackup
		ADDED from AndroidManifest.xml:28:18
	android:icon
		ADDED from AndroidManifest.xml:30:9
	android:theme
		ADDED from AndroidManifest.xml:31:9
activity#com.discounty.ActivityMain
ADDED from AndroidManifest.xml:33:9
	android:configChanges
		ADDED from AndroidManifest.xml:34:13
	android:name
		ADDED from AndroidManifest.xml:33:19
intent-filter#android.intent.action.MAIN+android.intent.category.LAUNCHER
ADDED from AndroidManifest.xml:35:13
action#android.intent.action.MAIN
ADDED from AndroidManifest.xml:36:17
	android:name
		ADDED from AndroidManifest.xml:36:25
category#android.intent.category.LAUNCHER
ADDED from AndroidManifest.xml:37:17
	android:name
		ADDED from AndroidManifest.xml:37:27
activity#com.discounty.MainActivity
ADDED from AndroidManifest.xml:41:9
	android:name
		ADDED from AndroidManifest.xml:41:19
activity#com.google.zxing.client.android.CaptureActivity
ADDED from AndroidManifest.xml:45:9
	android:clearTaskOnLaunch
		ADDED from AndroidManifest.xml:46:51
	android:screenOrientation
		ADDED from AndroidManifest.xml:46:13
	android:stateNotNeeded
		ADDED from AndroidManifest.xml:47:13
	android:windowSoftInputMode
		ADDED from AndroidManifest.xml:50:13
	android:configChanges
		ADDED from AndroidManifest.xml:48:13
	android:theme
		ADDED from AndroidManifest.xml:49:13
	android:name
		ADDED from AndroidManifest.xml:45:19
intent-filter#android.intent.category.DEFAULT+com.google.zxing.client.android.SCAN
ADDED from AndroidManifest.xml:51:15
action#com.google.zxing.client.android.SCAN
ADDED from AndroidManifest.xml:52:13
	android:name
		ADDED from AndroidManifest.xml:52:21
category#android.intent.category.DEFAULT
ADDED from AndroidManifest.xml:53:13
	android:name
		ADDED from AndroidManifest.xml:53:23
intent-filter#android.intent.action.VIEW+android.intent.category.BROWSABLE+android.intent.category.DEFAULT
ADDED from AndroidManifest.xml:57:15
action#android.intent.action.VIEW
ADDED from AndroidManifest.xml:58:13
	android:name
		ADDED from AndroidManifest.xml:58:21
category#android.intent.category.BROWSABLE
ADDED from AndroidManifest.xml:60:13
	android:name
		ADDED from AndroidManifest.xml:60:23
data
ADDED from AndroidManifest.xml:61:13
	android:path
		ADDED from AndroidManifest.xml:61:74
	android:host
		ADDED from AndroidManifest.xml:61:41
	android:scheme
		ADDED from AndroidManifest.xml:61:19
activity#com.google.zxing.client.android.PreferencesActivity
ADDED from AndroidManifest.xml:90:9
	android:label
		ADDED from AndroidManifest.xml:90:86
	android:stateNotNeeded
		ADDED from AndroidManifest.xml:90:127
	android:name
		ADDED from AndroidManifest.xml:90:19
activity#com.google.zxing.client.android.encode.EncodeActivity
ADDED from AndroidManifest.xml:91:11
	android:stateNotNeeded
		ADDED from AndroidManifest.xml:91:90
	android:name
		ADDED from AndroidManifest.xml:91:21
intent-filter#android.intent.category.DEFAULT+com.google.zxing.client.android.ENCODE
ADDED from AndroidManifest.xml:92:11
action#com.google.zxing.client.android.ENCODE
ADDED from AndroidManifest.xml:93:9
	android:name
		ADDED from AndroidManifest.xml:93:17
intent-filter#android.intent.action.SEND+android.intent.category.DEFAULT
ADDED from AndroidManifest.xml:98:11
action#android.intent.action.SEND
ADDED from AndroidManifest.xml:99:9
	android:name
		ADDED from AndroidManifest.xml:99:17
activity#com.google.zxing.client.android.book.SearchBookContentsActivity
ADDED from AndroidManifest.xml:111:11
	android:screenOrientation
		ADDED from AndroidManifest.xml:111:163
	android:label
		ADDED from AndroidManifest.xml:111:100
	android:stateNotNeeded
		ADDED from AndroidManifest.xml:111:133
	android:configChanges
		ADDED from AndroidManifest.xml:111:201
	android:name
		ADDED from AndroidManifest.xml:111:21
intent-filter#android.intent.category.DEFAULT+com.google.zxing.client.android.SEARCH_BOOK_CONTENTS
ADDED from AndroidManifest.xml:112:11
action#com.google.zxing.client.android.SEARCH_BOOK_CONTENTS
ADDED from AndroidManifest.xml:113:9
	android:name
		ADDED from AndroidManifest.xml:113:17
activity#com.google.zxing.client.android.share.ShareActivity
ADDED from AndroidManifest.xml:117:11
	android:screenOrientation
		ADDED from AndroidManifest.xml:117:118
	android:stateNotNeeded
		ADDED from AndroidManifest.xml:117:88
	android:theme
		ADDED from AndroidManifest.xml:117:151
	android:name
		ADDED from AndroidManifest.xml:117:21
intent-filter#android.intent.category.DEFAULT+com.google.zxing.client.android.SHARE
ADDED from AndroidManifest.xml:118:11
action#com.google.zxing.client.android.SHARE
ADDED from AndroidManifest.xml:119:9
	android:name
		ADDED from AndroidManifest.xml:119:17
activity#com.google.zxing.client.android.history.HistoryActivity
ADDED from AndroidManifest.xml:123:11
	android:label
		ADDED from AndroidManifest.xml:123:92
	android:stateNotNeeded
		ADDED from AndroidManifest.xml:123:130
	android:name
		ADDED from AndroidManifest.xml:123:21
intent-filter#android.intent.action.VIEW+android.intent.category.DEFAULT
ADDED from AndroidManifest.xml:124:11
activity#com.google.zxing.client.android.share.BookmarkPickerActivity
ADDED from AndroidManifest.xml:129:11
	android:label
		ADDED from AndroidManifest.xml:129:97
	android:stateNotNeeded
		ADDED from AndroidManifest.xml:129:142
	android:name
		ADDED from AndroidManifest.xml:129:21
intent-filter#android.intent.action.PICK+android.intent.category.DEFAULT
ADDED from AndroidManifest.xml:130:11
action#android.intent.action.PICK
ADDED from AndroidManifest.xml:131:9
	android:name
		ADDED from AndroidManifest.xml:131:17
activity#com.google.zxing.client.android.share.AppPickerActivity
ADDED from AndroidManifest.xml:135:11
	android:label
		ADDED from AndroidManifest.xml:135:92
	android:stateNotNeeded
		ADDED from AndroidManifest.xml:135:132
	android:configChanges
		ADDED from AndroidManifest.xml:135:162
	android:name
		ADDED from AndroidManifest.xml:135:21
activity#com.google.zxing.client.android.HelpActivity
ADDED from AndroidManifest.xml:141:11
	android:screenOrientation
		ADDED from AndroidManifest.xml:141:81
	android:name
		ADDED from AndroidManifest.xml:141:21
uses-sdk
INJECTED from AndroidManifest.xml:0:0 reason: use-sdk injection requested
MERGED from com.android.support:appcompat-v7:21.0.3:15:5
MERGED from com.android.support:support-v4:21.0.3:15:5
MERGED from cn.pedant.sweetalert:library:1.3:7:5
MERGED from com.pnikosis:materialish-progress:1.0:7:5
MERGED from com.android.support:appcompat-v7:21.0.3:15:5
MERGED from com.android.support:support-v4:21.0.3:15:5
MERGED from com.android.support:recyclerview-v7:21.0.0:15:5
MERGED from com.android.support:support-v4:21.0.3:15:5
MERGED from com.getbase:floatingactionbutton:1.6.0:8:5
MERGED from com.yalantis:contextmenu:1.0.0:7:5
MERGED from com.android.support:appcompat-v7:21.0.3:15:5
MERGED from com.android.support:support-v4:21.0.3:15:5
MERGED from de.keyboardsurfer.android.widget:crouton:1.8.4:16:5
	android:targetSdkVersion
		INJECTED from AndroidManifest.xml:0:0
		INJECTED from AndroidManifest.xml:0:0
	android:minSdkVersion
		INJECTED from AndroidManifest.xml:0:0
		INJECTED from AndroidManifest.xml:0:0
activity#android.support.v7.widget.TestActivity
ADDED from com.android.support:recyclerview-v7:21.0.0:18:9
	android:label
		ADDED from com.android.support:recyclerview-v7:21.0.0:18:19
	android:name
		ADDED from com.android.support:recyclerview-v7:21.0.0:18:60